<?xml version="1.0" encoding="UTF-8"?>
<testsuite xmlns:xsi="http://www.w3.org/2001/XMLSchema-instance" xsi:noNamespaceSchemaLocation="https://maven.apache.org/surefire/maven-surefire-plugin/xsd/surefire-test-report.xsd" version="3.0.2" name="com.amigoscode.customer.CustomerRepositoryTest" time="6.985" tests="4" errors="0" skipped="0" failures="0">
  <properties>
[...]
</properties>
  <testcase name="existsCustomerByIdFailsWhenIdDoesNotExist" classname="com.amigoscode.customer.CustomerRepositoryTest" time="0.319">
    <system-out><![CDATA[10:55:10.959 [main] INFO tc.postgres:latest -- Creating container for image: postgres:latest
10:55:11.046 [main] INFO tc.postgres:latest -- Container postgres:latest is starting: 1c73d598e0cf22a258d4609e75c1eec1a85c9743954f7630dc6cd62df50bd536
10:55:12.897 [main] INFO tc.postgres:latest -- Container postgres:latest started in PT1.9375282S
10:55:12.897 [main] INFO tc.postgres:latest -- Container is started (JDBC URL: jdbc:postgresql://localhost:50243/amigoscode-dao-unit-test?loggerLevel=OFF)
10:55:12.986 [main] INFO org.springframework.test.context.support.AnnotationConfigContextLoaderUtils -- Could not detect default configuration classes for test class [com.amigoscode.customer.CustomerRepositoryTest]: CustomerRepositoryTest does not declare any static, non-private, non-final, nested classes annotated with @Configuration.
10:55:13.230 [main] INFO org.springframework.boot.test.context.SpringBootTestContextBootstrapper -- Found @SpringBootConfiguration com.amigoscode.Main for test class com.amigoscode.customer.CustomerRepositoryTest
10:55:13.321 [main] INFO org.flywaydb.core.FlywayExecutor -- Database: jdbc:postgresql://localhost:50243/amigoscode-dao-unit-test?loggerLevel=OFF (PostgreSQL 17.2)
10:55:13.343 [main] INFO org.flywaydb.core.internal.schemahistory.JdbcTableSchemaHistory -- Schema history table "public"."flyway_schema_history" does not exist yet
10:55:13.345 [main] INFO org.flywaydb.core.internal.command.DbValidate -- Successfully validated 2 migrations (execution time 00:00.008s)
10:55:13.361 [main] INFO org.flywaydb.core.internal.schemahistory.JdbcTableSchemaHistory -- Creating Schema History table "public"."flyway_schema_history" ...
10:55:13.410 [main] INFO org.flywaydb.core.internal.command.DbMigrate -- Current version of schema "public": << Empty Schema >>
10:55:13.416 [main] INFO org.flywaydb.core.internal.command.DbMigrate -- Migrating schema "public" to version "1 - Initial Setup"
10:55:13.447 [main] INFO org.flywaydb.core.internal.command.DbMigrate -- Migrating schema "public" to version "2 - Add Constraint To Email"
10:55:13.469 [main] INFO org.flywaydb.core.internal.command.DbMigrate -- Successfully applied 2 migrations to schema "public", now at version v2 (execution time 00:00.016s)


  .   ____          _            __ _ _
 /\\ / ___'_ __ _ _(_)_ __  __ _ \ \ \ \
( ( )\___ | '_ | '_| | '_ \/ _` | \ \ \ \
 \\/  ___)| |_)| | | | | || (_| |  ) ) ) )
  '  |____| .__|_| |_|_| |_\__, | / / / /
 =========|_|==============|___/=/_/_/_/

 :: Spring Boot ::                (v3.4.5)

2025-06-10T10:55:14.045-07:00  INFO 25408 --- [           main] c.a.customer.CustomerRepositoryTest      : Starting CustomerRepositoryTest using Java 23.0.2 with PID 25408 (started by Development_PC_main in C:\Users\Development_PC_main\OneDrive\Coding Exercise\Amigoscode\PROFESSIONAL Full Stack Developer\FrontEnd\React\spring-boot.example - v2-React2\spring-boot.example\backend)
2025-06-10T10:55:14.047-07:00  INFO 25408 --- [           main] c.a.customer.CustomerRepositoryTest      : No active profile set, falling back to 1 default profile: "default"
2025-06-10T10:55:14.432-07:00  INFO 25408 --- [           main] .s.d.r.c.RepositoryConfigurationDelegate : Multiple Spring Data modules found, entering strict repository configuration mode
2025-06-10T10:55:14.434-07:00  INFO 25408 --- [           main] .s.d.r.c.RepositoryConfigurationDelegate : Bootstrapping Spring Data JPA repositories in DEFAULT mode.
2025-06-10T10:55:14.577-07:00  INFO 25408 --- [           main] .s.d.r.c.RepositoryConfigurationDelegate : Finished Spring Data repository scanning in 135 ms. Found 1 JPA repository interface.
2025-06-10T10:55:14.923-07:00  INFO 25408 --- [           main] com.zaxxer.hikari.HikariDataSource       : HikariPool-15 - Starting...
2025-06-10T10:55:14.941-07:00  INFO 25408 --- [           main] com.zaxxer.hikari.pool.HikariPool        : HikariPool-15 - Added connection org.postgresql.jdbc.PgConnection@632a7680
2025-06-10T10:55:14.941-07:00  INFO 25408 --- [           main] com.zaxxer.hikari.HikariDataSource       : HikariPool-15 - Start completed.
2025-06-10T10:55:14.944-07:00  INFO 25408 --- [           main] org.flywaydb.core.FlywayExecutor         : Database: jdbc:postgresql://localhost:50243/amigoscode-dao-unit-test?loggerLevel=OFF (PostgreSQL 17.2)
2025-06-10T10:55:14.964-07:00  INFO 25408 --- [           main] o.f.core.internal.command.DbValidate     : Successfully validated 2 migrations (execution time 00:00.007s)
2025-06-10T10:55:14.996-07:00  INFO 25408 --- [           main] o.f.core.internal.command.DbMigrate      : Current version of schema "public": 2
2025-06-10T10:55:14.998-07:00  INFO 25408 --- [           main] o.f.core.internal.command.DbMigrate      : Schema "public" is up to date. No migration necessary.
2025-06-10T10:55:15.157-07:00  INFO 25408 --- [           main] o.hibernate.jpa.internal.util.LogHelper  : HHH000204: Processing PersistenceUnitInfo [name: default]
2025-06-10T10:55:15.227-07:00  INFO 25408 --- [           main] org.hibernate.Version                    : HHH000412: Hibernate ORM core version 6.6.13.Final
2025-06-10T10:55:15.264-07:00  INFO 25408 --- [           main] o.h.c.internal.RegionFactoryInitiator    : HHH000026: Second-level cache disabled
2025-06-10T10:55:15.423-07:00  INFO 25408 --- [           main] o.s.o.j.p.SpringPersistenceUnitInfo      : No LoadTimeWeaver setup: ignoring JPA class transformer
2025-06-10T10:55:15.479-07:00  WARN 25408 --- [           main] org.hibernate.orm.deprecation            : HHH90000025: PostgreSQLDialect does not need to be specified explicitly using 'hibernate.dialect' (remove the property setting and it will be selected by default)
2025-06-10T10:55:15.493-07:00  INFO 25408 --- [           main] org.hibernate.orm.connections.pooling    : HHH10001005: Database info:
	Database JDBC URL [Connecting through datasource 'HikariDataSource (HikariPool-15)']
	Database driver: undefined/unknown
	Database version: 17.2
	Autocommit mode: undefined/unknown
	Isolation level: undefined/unknown
	Minimum pool size: undefined/unknown
	Maximum pool size: undefined/unknown
2025-06-10T10:55:16.132-07:00  INFO 25408 --- [           main] o.h.e.t.j.p.i.JtaPlatformInitiator       : HHH000489: No JTA platform available (set 'hibernate.transaction.jta.platform' to enable JTA platform integration)
2025-06-10T10:55:16.173-07:00  INFO 25408 --- [           main] j.LocalContainerEntityManagerFactoryBean : Initialized JPA EntityManagerFactory for persistence unit 'default'
2025-06-10T10:55:16.537-07:00  WARN 25408 --- [           main] JpaBaseConfiguration$JpaWebConfiguration : spring.jpa.open-in-view is enabled by default. Therefore, database queries may be performed during view rendering. Explicitly configure spring.jpa.open-in-view to disable this warning
2025-06-10T10:55:16.582-07:00  INFO 25408 --- [           main] c.a.customer.CustomerRepositoryTest      : Started CustomerRepositoryTest in 3.035 seconds (process running for 16.398)
Hibernate: 
    select
        nextval('customer_id_seq')
Hibernate: 
    insert 
    into
        customer
        (age, email, name, id) 
    values
        (?, ?, ?, ?)
Hibernate: 
    select
        c1_0.id,
        c1_0.age,
        c1_0.email,
        c1_0.name 
    from
        customer c1_0
92
Hibernate: 
    delete 
    from
        customer 
    where
        id=?
Hibernate: 
    select
        c1_0.id 
    from
        customer c1_0 
    where
        c1_0.id=? 
    fetch
        first ? rows only
]]></system-out>
  </testcase>
  <testcase name="existsCustomerById" classname="com.amigoscode.customer.CustomerRepositoryTest" time="0.024">
    <system-out><![CDATA[Hibernate: 
    select
        c1_0.id,
        c1_0.age,
        c1_0.email,
        c1_0.name 
    from
        customer c1_0
92
Hibernate: 
    select
        nextval('customer_id_seq')
Hibernate: 
    insert 
    into
        customer
        (age, email, name, id) 
    values
        (?, ?, ?, ?)
Hibernate: 
    delete 
    from
        customer 
    where
        id=?
Hibernate: 
    select
        c1_0.id,
        c1_0.age,
        c1_0.email,
        c1_0.name 
    from
        customer c1_0
Hibernate: 
    select
        c1_0.id 
    from
        customer c1_0 
    where
        c1_0.id=? 
    fetch
        first ? rows only
]]></system-out>
  </testcase>
  <testcase name="existsCustomerByEmail" classname="com.amigoscode.customer.CustomerRepositoryTest" time="0.017">
    <system-out><![CDATA[Hibernate: 
    select
        c1_0.id,
        c1_0.age,
        c1_0.email,
        c1_0.name 
    from
        customer c1_0
92
Hibernate: 
    select
        nextval('customer_id_seq')
Hibernate: 
    insert 
    into
        customer
        (age, email, name, id) 
    values
        (?, ?, ?, ?)
Hibernate: 
    delete 
    from
        customer 
    where
        id=?
Hibernate: 
    select
        c1_0.id 
    from
        customer c1_0 
    where
        c1_0.email=? 
    fetch
        first ? rows only
]]></system-out>
  </testcase>
  <testcase name="existsCustomerByEmailFailsWhenEmailDoesNotExist" classname="com.amigoscode.customer.CustomerRepositoryTest" time="0.013">
    <system-out><![CDATA[Hibernate: 
    select
        c1_0.id,
        c1_0.age,
        c1_0.email,
        c1_0.name 
    from
        customer c1_0
92
Hibernate: 
    delete 
    from
        customer 
    where
        id=?
Hibernate: 
    select
        c1_0.id 
    from
        customer c1_0 
    where
        c1_0.email=? 
    fetch
        first ? rows only
]]></system-out>
  </testcase>
</testsuite>