<?xml version="1.0" encoding="UTF-8"?>
<testsuite xmlns:xsi="http://www.w3.org/2001/XMLSchema-instance" xsi:noNamespaceSchemaLocation="https://maven.apache.org/surefire/maven-failsafe-plugin/xsd/failsafe-test-report.xsd" version="3.0.2" name="com.amigoscode.journey.CustomerIntegrationTest" time="8.426" tests="3" errors="0" skipped="0" failures="0">
  <properties>
[...]
</properties>
  <testcase name="canRegisterACustomer" classname="com.amigoscode.journey.CustomerIntegrationTest" time="1.253">
    <system-out><![CDATA[10:56:35.423 [main] INFO org.springframework.test.context.support.AnnotationConfigContextLoaderUtils -- Could not detect default configuration classes for test class [com.amigoscode.journey.CustomerIntegrationTest]: CustomerIntegrationTest does not declare any static, non-private, non-final, nested classes annotated with @Configuration.
10:56:35.601 [main] INFO org.springframework.boot.test.context.SpringBootTestContextBootstrapper -- Found @SpringBootConfiguration com.amigoscode.Main for test class com.amigoscode.journey.CustomerIntegrationTest

  .   ____          _            __ _ _
 /\\ / ___'_ __ _ _(_)_ __  __ _ \ \ \ \
( ( )\___ | '_ | '_| | '_ \/ _` | \ \ \ \
 \\/  ___)| |_)| | | | | || (_| |  ) ) ) )
  '  |____| .__|_| |_|_| |_\__, | / / / /
 =========|_|==============|___/=/_/_/_/

 :: Spring Boot ::                (v3.4.5)

2025-06-10T10:56:36.213-07:00  INFO 22368 --- [           main] c.a.journey.CustomerIntegrationTest      : Starting CustomerIntegrationTest using Java 23.0.2 with PID 22368 (started by Development_PC_main in C:\Users\Development_PC_main\OneDrive\Coding Exercise\Amigoscode\PROFESSIONAL Full Stack Developer\FrontEnd\React\spring-boot.example - v2-React2\spring-boot.example\backend)
2025-06-10T10:56:36.214-07:00  INFO 22368 --- [           main] c.a.journey.CustomerIntegrationTest      : No active profile set, falling back to 1 default profile: "default"
2025-06-10T10:56:37.170-07:00  INFO 22368 --- [           main] .s.d.r.c.RepositoryConfigurationDelegate : Multiple Spring Data modules found, entering strict repository configuration mode
2025-06-10T10:56:37.171-07:00  INFO 22368 --- [           main] .s.d.r.c.RepositoryConfigurationDelegate : Bootstrapping Spring Data JDBC repositories in DEFAULT mode.
2025-06-10T10:56:37.217-07:00  INFO 22368 --- [           main] .RepositoryConfigurationExtensionSupport : Spring Data JDBC - Could not safely identify store assignment for repository candidate interface com.amigoscode.customer.CustomerRepository; If you want this repository to be a JDBC repository, consider annotating your entities with one of these annotations: org.springframework.data.relational.core.mapping.Table.
2025-06-10T10:56:37.218-07:00  INFO 22368 --- [           main] .s.d.r.c.RepositoryConfigurationDelegate : Finished Spring Data repository scanning in 39 ms. Found 0 JDBC repository interfaces.
2025-06-10T10:56:37.229-07:00  INFO 22368 --- [           main] .s.d.r.c.RepositoryConfigurationDelegate : Multiple Spring Data modules found, entering strict repository configuration mode
2025-06-10T10:56:37.230-07:00  INFO 22368 --- [           main] .s.d.r.c.RepositoryConfigurationDelegate : Bootstrapping Spring Data JPA repositories in DEFAULT mode.
2025-06-10T10:56:37.353-07:00  INFO 22368 --- [           main] .s.d.r.c.RepositoryConfigurationDelegate : Finished Spring Data repository scanning in 118 ms. Found 1 JPA repository interface.
2025-06-10T10:56:38.247-07:00  INFO 22368 --- [           main] o.s.b.w.embedded.tomcat.TomcatWebServer  : Tomcat initialized with port 0 (http)
2025-06-10T10:56:38.263-07:00  INFO 22368 --- [           main] o.apache.catalina.core.StandardService   : Starting service [Tomcat]
2025-06-10T10:56:38.264-07:00  INFO 22368 --- [           main] o.apache.catalina.core.StandardEngine    : Starting Servlet engine: [Apache Tomcat/10.1.40]
2025-06-10T10:56:38.338-07:00  INFO 22368 --- [           main] o.a.c.c.C.[Tomcat].[localhost].[/]       : Initializing Spring embedded WebApplicationContext
2025-06-10T10:56:38.339-07:00  INFO 22368 --- [           main] w.s.c.ServletWebServerApplicationContext : Root WebApplicationContext: initialization completed in 2095 ms
2025-06-10T10:56:38.749-07:00  INFO 22368 --- [           main] com.zaxxer.hikari.HikariDataSource       : HikariPool-1 - Starting...
2025-06-10T10:56:38.960-07:00  INFO 22368 --- [           main] com.zaxxer.hikari.pool.HikariPool        : HikariPool-1 - Added connection org.postgresql.jdbc.PgConnection@2a425cf5
2025-06-10T10:56:38.961-07:00  INFO 22368 --- [           main] com.zaxxer.hikari.HikariDataSource       : HikariPool-1 - Start completed.
2025-06-10T10:56:38.998-07:00  INFO 22368 --- [           main] org.flywaydb.core.FlywayExecutor         : Database: jdbc:postgresql://localhost:5332/customer (PostgreSQL 17.5)
2025-06-10T10:56:39.077-07:00  INFO 22368 --- [           main] o.f.core.internal.command.DbValidate     : Successfully validated 2 migrations (execution time 00:00.048s)
2025-06-10T10:56:39.109-07:00  INFO 22368 --- [           main] o.f.core.internal.command.DbMigrate      : Current version of schema "public": 2
2025-06-10T10:56:39.113-07:00  INFO 22368 --- [           main] o.f.core.internal.command.DbMigrate      : Schema "public" is up to date. No migration necessary.
2025-06-10T10:56:39.368-07:00  INFO 22368 --- [           main] o.hibernate.jpa.internal.util.LogHelper  : HHH000204: Processing PersistenceUnitInfo [name: default]
2025-06-10T10:56:39.437-07:00  INFO 22368 --- [           main] org.hibernate.Version                    : HHH000412: Hibernate ORM core version 6.6.13.Final
2025-06-10T10:56:39.481-07:00  INFO 22368 --- [           main] o.h.c.internal.RegionFactoryInitiator    : HHH000026: Second-level cache disabled
2025-06-10T10:56:39.801-07:00  INFO 22368 --- [           main] o.s.o.j.p.SpringPersistenceUnitInfo      : No LoadTimeWeaver setup: ignoring JPA class transformer
2025-06-10T10:56:39.848-07:00  WARN 22368 --- [           main] org.hibernate.orm.deprecation            : HHH90000025: PostgreSQLDialect does not need to be specified explicitly using 'hibernate.dialect' (remove the property setting and it will be selected by default)
2025-06-10T10:56:39.865-07:00  INFO 22368 --- [           main] org.hibernate.orm.connections.pooling    : HHH10001005: Database info:
	Database JDBC URL [Connecting through datasource 'HikariDataSource (HikariPool-1)']
	Database driver: undefined/unknown
	Database version: 17.5
	Autocommit mode: undefined/unknown
	Isolation level: undefined/unknown
	Minimum pool size: undefined/unknown
	Maximum pool size: undefined/unknown
2025-06-10T10:56:40.593-07:00  INFO 22368 --- [           main] o.h.e.t.j.p.i.JtaPlatformInitiator       : HHH000489: No JTA platform available (set 'hibernate.transaction.jta.platform' to enable JTA platform integration)
2025-06-10T10:56:40.625-07:00  INFO 22368 --- [           main] j.LocalContainerEntityManagerFactoryBean : Initialized JPA EntityManagerFactory for persistence unit 'default'
2025-06-10T10:56:41.118-07:00  WARN 22368 --- [           main] JpaBaseConfiguration$JpaWebConfiguration : spring.jpa.open-in-view is enabled by default. Therefore, database queries may be performed during view rendering. Explicitly configure spring.jpa.open-in-view to disable this warning
2025-06-10T10:56:41.898-07:00  INFO 22368 --- [           main] o.s.b.w.embedded.tomcat.TomcatWebServer  : Tomcat started on port 50554 (http) with context path '/'
2025-06-10T10:56:41.908-07:00  INFO 22368 --- [           main] c.a.journey.CustomerIntegrationTest      : Started CustomerIntegrationTest in 6.149 seconds (process running for 7.311)
Hibernate: 
    select
        nextval('customer_id_seq')
Hibernate: 
    insert 
    into
        customer
        (age, email, name, id) 
    values
        (?, ?, ?, ?)
2025-06-10T10:56:43.279-07:00  INFO 22368 --- [o-auto-1-exec-1] o.a.c.c.C.[Tomcat].[localhost].[/]       : Initializing Spring DispatcherServlet 'dispatcherServlet'
2025-06-10T10:56:43.279-07:00  INFO 22368 --- [o-auto-1-exec-1] o.s.web.servlet.DispatcherServlet        : Initializing Servlet 'dispatcherServlet'
2025-06-10T10:56:43.280-07:00  INFO 22368 --- [o-auto-1-exec-1] o.s.web.servlet.DispatcherServlet        : Completed initialization in 0 ms
jdbcTemplate.update: 1
]]></system-out>
    <system-err><![CDATA[Mockito is currently self-attaching to enable the inline-mock-maker. This will no longer work in future releases of the JDK. Please add Mockito as an agent to your build as described in Mockito's documentation: https://javadoc.io/doc/org.mockito/mockito-core/latest/org/mockito/Mockito.html#0.3
WARNING: A Java agent has been loaded dynamically (C:\Users\Development_PC_main\.m2\repository\net\bytebuddy\byte-buddy-agent\1.15.11\byte-buddy-agent-1.15.11.jar)
WARNING: If a serviceability tool is in use, please run with -XX:+EnableDynamicAgentLoading to hide this warning
WARNING: If a serviceability tool is not in use, please run with -Djdk.instrument.traceUsage for more information
WARNING: Dynamic loading of agents will be disallowed by default in a future release
]]></system-err>
  </testcase>
  <testcase name="canDeleteCustomer" classname="com.amigoscode.journey.CustomerIntegrationTest" time="0.086">
    <system-out><![CDATA[jdbcTemplate.update: 1
deleteCustomerById result= 1
]]></system-out>
  </testcase>
  <testcase name="canUpdateCustomer" classname="com.amigoscode.journey.CustomerIntegrationTest" time="0.057">
    <system-out><![CDATA[jdbcTemplate.update: 1
update customer name result = 1
update customer email result = 1
update customer age result = 1
]]></system-out>
  </testcase>
</testsuite>